[26/Feb/2026 18:56:19] "GET /api/health/ HTTP/1.1" 200 16
[26/Feb/2026 18:56:20,171] - Broken pipe from ('127.0.0.1', 52681)
[26/Feb/2026 18:58:18] "GET /api/health/ HTTP/1.1" 200 16
[26/Feb/2026 18:59:45] "GET /api/health/ HTTP/1.1" 200 16
[26/Feb/2026 18:59:45] "GET /api/health/ HTTP/1.1" 200 16
[26/Feb/2026 19:00:01] "GET /api/health/ HTTP/1.1" 200 16
[26/Feb/2026 19:00:04] "GET /api/health/ HTTP/1.1" 200 16
[26/Feb/2026 19:00:15] "GET /api/health/ HTTP/1.1" 200 16
[26/Feb/2026 19:00:30] "GET /api/health/ HTTP/1.1" 200 16
[26/Feb/2026 19:00:45] "GET /api/health/ HTTP/1.1" 200 16
[26/Feb/2026 19:00:58] "GET /api/health/ HTTP/1.1" 200 16
[26/Feb/2026 19:01:05] "GET /api/health/ HTTP/1.1" 200 16
[26/Feb/2026 19:01:26] "OPTIONS /api/auth/register/ HTTP/1.1" 200 0
[26/Feb/2026 19:01:28] "POST /api/auth/register/ HTTP/1.1" 201 72
[26/Feb/2026 19:01:28] "OPTIONS /api/auth/login/ HTTP/1.1" 200 0
C:\Users\user\Desktop\Blooket\backend\venv\Lib\site-packages\jwt\api_jwt.py:153: InsecureKeyLengthWarning: The HMAC key is 14 bytes long, which is below the minimum recommended length of 32 bytes for SHA256. See RFC 7518 Section 3.2.
  return self._jws.encode(
[26/Feb/2026 19:01:31] "POST /api/auth/login/ HTTP/1.1" 200 534
[26/Feb/2026 19:01:31] "GET /api/health/ HTTP/1.1" 200 16
[26/Feb/2026 19:01:31] "OPTIONS /api/auth/me/ HTTP/1.1" 200 0
[26/Feb/2026 19:01:31] "OPTIONS /api/auth/me/ HTTP/1.1" 200 0
C:\Users\user\Desktop\Blooket\backend\venv\Lib\site-packages\jwt\api_jwt.py:371: InsecureKeyLengthWarning: The HMAC key is 14 bytes long, which is below the minimum recommended length of 32 bytes for SHA256. See RFC 7518 Section 3.2.
  decoded = self.decode_complete(
[26/Feb/2026 19:01:31] "GET /api/auth/me/ HTTP/1.1" 200 79
[26/Feb/2026 19:01:31] "GET /api/health/ HTTP/1.1" 200 16
[26/Feb/2026 19:01:31] "GET /api/auth/me/ HTTP/1.1" 200 79
[26/Feb/2026 19:01:31] "GET /api/auth/me/ HTTP/1.1" 200 79
[26/Feb/2026 19:01:31] "GET /api/auth/me/ HTTP/1.1" 200 79
[26/Feb/2026 19:01:46] "GET /api/health/ HTTP/1.1" 200 16
[26/Feb/2026 19:02:01] "GET /api/health/ HTTP/1.1" 200 16
[26/Feb/2026 19:02:16] "GET /api/health/ HTTP/1.1" 200 16
[26/Feb/2026 19:02:31] "GET /api/health/ HTTP/1.1" 200 16
[26/Feb/2026 19:02:46] "GET /api/health/ HTTP/1.1" 200 16
[26/Feb/2026 19:03:01] "GET /api/health/ HTTP/1.1" 200 16
[26/Feb/2026 19:03:16] "GET /api/health/ HTTP/1.1" 200 16
[26/Feb/2026 19:03:31] "GET /api/health/ HTTP/1.1" 200 16
[26/Feb/2026 19:03:47] "GET /api/health/ HTTP/1.1" 200 16
[26/Feb/2026 19:04:01] "GET /api/health/ HTTP/1.1" 200 16
[26/Feb/2026 19:04:16] "GET /api/health/ HTTP/1.1" 200 16
